\BOOKMARK [1][-]{Doc-Start}{Abstract}{}% 1
\BOOKMARK [1][-]{Doc-Start}{Authors}{}% 2
\BOOKMARK [1][-]{section.1}{Introduction}{}% 3
\BOOKMARK [1][-]{section.2}{The Discrete Wavelet Transform}{}% 4
\BOOKMARK [2][-]{subsection.2.1}{Preliminaries}{section.2}% 5
\BOOKMARK [2][-]{subsection.2.2}{The one-dimensional Haar Wavelet}{section.2}% 6
\BOOKMARK [2][-]{subsection.2.3}{The two-dimensional Haar Wavelet}{section.2}% 7
\BOOKMARK [1][-]{section.3}{Wavelet Block Thresholding}{}% 8
\BOOKMARK [2][-]{subsection.3.1}{The one-dimensional case}{section.3}% 9
\BOOKMARK [2][-]{subsection.3.2}{The two-dimensional case}{section.3}% 10
\BOOKMARK [2][-]{subsection.3.3}{Threshold Value}{section.3}% 11
\BOOKMARK [1][-]{section.4}{Application to Flow Cytometry}{}% 12
\BOOKMARK [2][-]{subsection.4.1}{Pre-Processing}{section.4}% 13
\BOOKMARK [2][-]{subsection.4.2}{Discrete Wavelet Transform}{section.4}% 14
\BOOKMARK [2][-]{subsection.4.3}{Block Wavelet Thresholding}{section.4}% 15
\BOOKMARK [2][-]{subsection.4.4}{Inverse Discrete Wavelet Transform}{section.4}% 16
\BOOKMARK [2][-]{subsection.4.5}{Cluster Identification}{section.4}% 17
\BOOKMARK [1][-]{section.5}{Results \046 Conclusions}{}% 18
\BOOKMARK [1][-]{section.5}{References}{}% 19
\BOOKMARK [1][-]{section*.5}{Appendix}{}% 20
\BOOKMARK [2][-]{section*.6}{A: one-dimensional Haar DWT Formulae}{section*.5}% 21
\BOOKMARK [2][-]{section*.7}{B: two-dimensional Haar DWT Formulae}{section*.5}% 22
